<?xml version="1.0" encoding="UTF-8"?>
<testsuite xmlns:xsi="http://www.w3.org/2001/XMLSchema-instance" xsi:noNamespaceSchemaLocation="https://maven.apache.org/surefire/maven-surefire-plugin/xsd/surefire-test-report-3.0.xsd" version="3.0" name="TestSuite" time="22.788" tests="1" errors="0" skipped="0" failures="0">
  <properties>
[...]
</properties>
  <testcase name="runScenario[&quot;Successfull Login Test with valid credentials&quot;, &quot;Login Functionality&quot;](1)" classname="testRun.LoginRun" time="20.829">
    <system-out><![CDATA[[DEBUG] Resolution chrome=110 in cache (valid until 13:13:12 28/02/2023 IST)
[DEBUG] Removing resolution chrome110=110.0.5481.77 from cache (expired on Tue Feb 28 12:20:07 IST 2023)
[DEBUG] ex-0000000001 preparing request execution
[DEBUG] ex-0000000001 Cookie spec selected: strict
[DEBUG] ex-0000000001 Auth cache not set in the context
[DEBUG] ex-0000000001 target auth state: UNCHALLENGED
[DEBUG] ex-0000000001 proxy auth state: UNCHALLENGED
[DEBUG] ex-0000000001 acquiring connection with route {s}->https://chromedriver.storage.googleapis.com:443
[DEBUG] ex-0000000001 acquiring endpoint (3 MINUTES)
[DEBUG] ex-0000000001 endpoint lease request (3 MINUTES) [route: {s}->https://chromedriver.storage.googleapis.com:443][total available: 0; route allocated: 0 of 5; total allocated: 0 of 25]
[DEBUG] ex-0000000001 endpoint leased [route: {s}->https://chromedriver.storage.googleapis.com:443][total available: 0; route allocated: 1 of 5; total allocated: 1 of 25]
[DEBUG] ex-0000000001 acquired ep-0000000000
[DEBUG] ex-0000000001 acquired endpoint ep-0000000000
[DEBUG] ex-0000000001 opening connection {s}->https://chromedriver.storage.googleapis.com:443
[DEBUG] ep-0000000000 connecting endpoint (30 SECONDS)
[DEBUG] ep-0000000000 connecting endpoint to https://chromedriver.storage.googleapis.com:443 (30 SECONDS)
[DEBUG] http-outgoing-0 connecting to chromedriver.storage.googleapis.com/172.217.174.80:443
[DEBUG] Connecting socket to chromedriver.storage.googleapis.com/172.217.174.80:443 with timeout 30 SECONDS
[DEBUG] Enabled protocols: [TLSv1.3, TLSv1.2]
[DEBUG] Enabled cipher suites: [TLS_AES_256_GCM_SHA384, TLS_AES_128_GCM_SHA256, TLS_CHACHA20_POLY1305_SHA256, TLS_ECDHE_ECDSA_WITH_AES_256_GCM_SHA384, TLS_ECDHE_ECDSA_WITH_AES_128_GCM_SHA256, TLS_ECDHE_ECDSA_WITH_CHACHA20_POLY1305_SHA256, TLS_ECDHE_RSA_WITH_AES_256_GCM_SHA384, TLS_ECDHE_RSA_WITH_CHACHA20_POLY1305_SHA256, TLS_ECDHE_RSA_WITH_AES_128_GCM_SHA256, TLS_DHE_RSA_WITH_AES_256_GCM_SHA384, TLS_DHE_RSA_WITH_CHACHA20_POLY1305_SHA256, TLS_DHE_DSS_WITH_AES_256_GCM_SHA384, TLS_DHE_RSA_WITH_AES_128_GCM_SHA256, TLS_DHE_DSS_WITH_AES_128_GCM_SHA256, TLS_ECDHE_ECDSA_WITH_AES_256_CBC_SHA384, TLS_ECDHE_RSA_WITH_AES_256_CBC_SHA384, TLS_ECDHE_ECDSA_WITH_AES_128_CBC_SHA256, TLS_ECDHE_RSA_WITH_AES_128_CBC_SHA256, TLS_DHE_RSA_WITH_AES_256_CBC_SHA256, TLS_DHE_DSS_WITH_AES_256_CBC_SHA256, TLS_DHE_RSA_WITH_AES_128_CBC_SHA256, TLS_DHE_DSS_WITH_AES_128_CBC_SHA256, TLS_ECDH_ECDSA_WITH_AES_256_GCM_SHA384, TLS_ECDH_RSA_WITH_AES_256_GCM_SHA384, TLS_ECDH_ECDSA_WITH_AES_128_GCM_SHA256, TLS_ECDH_RSA_WITH_AES_128_GCM_SHA256, TLS_ECDH_ECDSA_WITH_AES_256_CBC_SHA384, TLS_ECDH_RSA_WITH_AES_256_CBC_SHA384, TLS_ECDH_ECDSA_WITH_AES_128_CBC_SHA256, TLS_ECDH_RSA_WITH_AES_128_CBC_SHA256, TLS_ECDHE_ECDSA_WITH_AES_256_CBC_SHA, TLS_ECDHE_RSA_WITH_AES_256_CBC_SHA, TLS_ECDHE_ECDSA_WITH_AES_128_CBC_SHA, TLS_ECDHE_RSA_WITH_AES_128_CBC_SHA, TLS_DHE_RSA_WITH_AES_256_CBC_SHA, TLS_DHE_DSS_WITH_AES_256_CBC_SHA, TLS_DHE_RSA_WITH_AES_128_CBC_SHA, TLS_DHE_DSS_WITH_AES_128_CBC_SHA, TLS_ECDH_ECDSA_WITH_AES_256_CBC_SHA, TLS_ECDH_RSA_WITH_AES_256_CBC_SHA, TLS_ECDH_ECDSA_WITH_AES_128_CBC_SHA, TLS_ECDH_RSA_WITH_AES_128_CBC_SHA, TLS_RSA_WITH_AES_256_GCM_SHA384, TLS_RSA_WITH_AES_128_GCM_SHA256, TLS_RSA_WITH_AES_256_CBC_SHA256, TLS_RSA_WITH_AES_128_CBC_SHA256, TLS_RSA_WITH_AES_256_CBC_SHA, TLS_RSA_WITH_AES_128_CBC_SHA, TLS_EMPTY_RENEGOTIATION_INFO_SCSV]
[DEBUG] Starting handshake
[DEBUG] Secure session established
[DEBUG]  negotiated protocol: TLSv1.3
[DEBUG]  negotiated cipher suite: TLS_AES_256_GCM_SHA384
[DEBUG]  peer principal: CN=*.storage.googleapis.com
[DEBUG]  peer alternative names: [*.storage.googleapis.com, *.googleapis.com, commondatastorage.googleapis.com, *.commondatastorage.googleapis.com, storage.googleapis.com, storage-p2.googleapis.com, *.storage-p2.googleapis.com, storage.mtls.googleapis.com, *.appspot.com.storage.googleapis.com, *.content-storage.googleapis.com, *.content-storage-p2.googleapis.com, *.content-storage-upload.googleapis.com, *.content-storage-download.googleapis.com, *.storage-upload.googleapis.com, *.storage-download.googleapis.com]
[DEBUG]  issuer principal: CN=GTS CA 1C3, O=Google Trust Services LLC, C=US
[DEBUG] http-outgoing-0 connection established 192.168.1.8:60622<->172.217.174.80:443
[DEBUG] ep-0000000000 connected http-outgoing-0
[DEBUG] ep-0000000000 endpoint connected
[DEBUG] ex-0000000001 executing GET /LATEST_RELEASE_110 HTTP/1.1
[DEBUG] ep-0000000000 start execution ex-0000000001
[DEBUG] ep-0000000000 executing exchange ex-0000000001 over http-outgoing-0
[DEBUG] http-outgoing-0 >> GET /LATEST_RELEASE_110 HTTP/1.1
[DEBUG] http-outgoing-0 >> user-agent: Apache-HttpClient/5.0
[DEBUG] http-outgoing-0 >> accept-encoding: gzip, deflate, br
[DEBUG] http-outgoing-0 >> cache-control: max-age=0
[DEBUG] http-outgoing-0 >> connection: keep-alive
[DEBUG] http-outgoing-0 >> Host: chromedriver.storage.googleapis.com
[DEBUG] http-outgoing-0 >> "GET /LATEST_RELEASE_110 HTTP/1.1[\r][\n]"
[DEBUG] http-outgoing-0 >> "user-agent: Apache-HttpClient/5.0[\r][\n]"
[DEBUG] http-outgoing-0 >> "accept-encoding: gzip, deflate, br[\r][\n]"
[DEBUG] http-outgoing-0 >> "cache-control: max-age=0[\r][\n]"
[DEBUG] http-outgoing-0 >> "connection: keep-alive[\r][\n]"
[DEBUG] http-outgoing-0 >> "Host: chromedriver.storage.googleapis.com[\r][\n]"
[DEBUG] http-outgoing-0 >> "[\r][\n]"
[DEBUG] http-outgoing-0 << "HTTP/1.1 200 OK[\r][\n]"
[DEBUG] http-outgoing-0 << "X-GUploader-UploadID: ADPycdua__mL_Hoy0aB1gen0HbhM3nAcHqh60kDTJgVJegqJ0gHYtwrhX61RpNCJoieFKH3hvQiFQ7QZi4qS-yjEZy77gw[\r][\n]"
[DEBUG] http-outgoing-0 << "x-goog-generation: 1675843673711119[\r][\n]"
[DEBUG] http-outgoing-0 << "x-goog-metageneration: 1[\r][\n]"
[DEBUG] http-outgoing-0 << "x-goog-stored-content-encoding: identity[\r][\n]"
[DEBUG] http-outgoing-0 << "x-goog-stored-content-length: 13[\r][\n]"
[DEBUG] http-outgoing-0 << "x-goog-hash: crc32c=AZE9hw==[\r][\n]"
[DEBUG] http-outgoing-0 << "x-goog-hash: md5=/HJdpcBGegAQlGbP5/WAtA==[\r][\n]"
[DEBUG] http-outgoing-0 << "x-goog-storage-class: STANDARD[\r][\n]"
[DEBUG] http-outgoing-0 << "Accept-Ranges: bytes[\r][\n]"
[DEBUG] http-outgoing-0 << "Content-Length: 13[\r][\n]"
[DEBUG] http-outgoing-0 << "Server: UploadServer[\r][\n]"
[DEBUG] http-outgoing-0 << "Date: Tue, 28 Feb 2023 06:41:59 GMT[\r][\n]"
[DEBUG] http-outgoing-0 << "Expires: Tue, 28 Feb 2023 07:41:59 GMT[\r][\n]"
[DEBUG] http-outgoing-0 << "Cache-Control: public, max-age=3600[\r][\n]"
[DEBUG] http-outgoing-0 << "Age: 1198[\r][\n]"
[DEBUG] http-outgoing-0 << "Last-Modified: Wed, 08 Feb 2023 08:07:53 GMT[\r][\n]"
[DEBUG] http-outgoing-0 << "ETag: "fc725da5c0467a00109466cfe7f580b4"[\r][\n]"
[DEBUG] http-outgoing-0 << "Content-Type: text/plain[\r][\n]"
[DEBUG] http-outgoing-0 << "Alt-Svc: h3=":443"; ma=2592000,h3-29=":443"; ma=2592000,h3-Q050=":443"; ma=2592000,h3-Q046=":443"; ma=2592000,h3-Q043=":443"; ma=2592000,quic=":443"; ma=2592000; v="46,43"[\r][\n]"
[DEBUG] http-outgoing-0 << "[\r][\n]"
[DEBUG] http-outgoing-0 << "110.0.5481.77"
[DEBUG] http-outgoing-0 << HTTP/1.1 200 OK
[DEBUG] http-outgoing-0 << X-GUploader-UploadID: ADPycdua__mL_Hoy0aB1gen0HbhM3nAcHqh60kDTJgVJegqJ0gHYtwrhX61RpNCJoieFKH3hvQiFQ7QZi4qS-yjEZy77gw
[DEBUG] http-outgoing-0 << x-goog-generation: 1675843673711119
[DEBUG] http-outgoing-0 << x-goog-metageneration: 1
[DEBUG] http-outgoing-0 << x-goog-stored-content-encoding: identity
[DEBUG] http-outgoing-0 << x-goog-stored-content-length: 13
[DEBUG] http-outgoing-0 << x-goog-hash: crc32c=AZE9hw==
[DEBUG] http-outgoing-0 << x-goog-hash: md5=/HJdpcBGegAQlGbP5/WAtA==
[DEBUG] http-outgoing-0 << x-goog-storage-class: STANDARD
[DEBUG] http-outgoing-0 << Accept-Ranges: bytes
[DEBUG] http-outgoing-0 << Content-Length: 13
[DEBUG] http-outgoing-0 << Server: UploadServer
[DEBUG] http-outgoing-0 << Date: Tue, 28 Feb 2023 06:41:59 GMT
[DEBUG] http-outgoing-0 << Expires: Tue, 28 Feb 2023 07:41:59 GMT
[DEBUG] http-outgoing-0 << Cache-Control: public, max-age=3600
[DEBUG] http-outgoing-0 << Age: 1198
[DEBUG] http-outgoing-0 << Last-Modified: Wed, 08 Feb 2023 08:07:53 GMT
[DEBUG] http-outgoing-0 << ETag: "fc725da5c0467a00109466cfe7f580b4"
[DEBUG] http-outgoing-0 << Content-Type: text/plain
[DEBUG] http-outgoing-0 << Alt-Svc: h3=":443"; ma=2592000,h3-29=":443"; ma=2592000,h3-Q050=":443"; ma=2592000,h3-Q046=":443"; ma=2592000,h3-Q043=":443"; ma=2592000,quic=":443"; ma=2592000; v="46,43"
[DEBUG] ex-0000000001 connection can be kept alive for 3 MINUTES
[DEBUG] ep-0000000000 releasing valid endpoint
[DEBUG] ep-0000000000 releasing endpoint
[DEBUG] ep-0000000000 connection http-outgoing-0 can be kept alive for 3 MINUTES
[DEBUG] ep-0000000000 connection released [route: {s}->https://chromedriver.storage.googleapis.com:443][total available: 1; route allocated: 1 of 5; total allocated: 1 of 25]
[DEBUG] Latest version of chromedriver according to https://chromedriver.storage.googleapis.com/LATEST_RELEASE_110 is 110.0.5481.77
[INFO] Using chromedriver 110.0.5481.77 (resolved driver for Chrome 110)
[DEBUG] Storing resolution chrome110=110.0.5481.77 in cache (valid until 12:31:57 01/03/2023 IST)
[DEBUG] Driver chromedriver 110.0.5481.77 found in cache
[INFO] Exporting webdriver.chrome.driver as C:\Users\TOSHIBA\.cache\selenium\chromedriver\win32\110.0.5481.77\chromedriver.exe
[DEBUG] Using SLF4J as the default logging framework
[DEBUG] -Dio.netty.leakDetection.level: simple
[DEBUG] -Dio.netty.leakDetection.targetRecords: 4
[DEBUG] Loaded default ResourceLeakDetector: io.netty.util.ResourceLeakDetector@7bc44ce8
[DEBUG] -Dio.netty.noUnsafe: false
[DEBUG] Java version: 15
[DEBUG] sun.misc.Unsafe.theUnsafe: available
[DEBUG] sun.misc.Unsafe.copyMemory: available
[DEBUG] sun.misc.Unsafe.storeFence: available
[DEBUG] java.nio.Buffer.address: available
[DEBUG] direct buffer constructor: unavailable: Reflective setAccessible(true) disabled
[DEBUG] java.nio.Bits.unaligned: available, true
[DEBUG] jdk.internal.misc.Unsafe.allocateUninitializedArray(int): unavailable: class io.netty.util.internal.PlatformDependent0$7 cannot access class jdk.internal.misc.Unsafe (in module java.base) because module java.base does not export jdk.internal.misc to unnamed module @525575
[DEBUG] java.nio.DirectByteBuffer.<init>(long, int): unavailable
[DEBUG] sun.misc.Unsafe: available
[DEBUG] maxDirectMemory: 4253024256 bytes (maybe)
[DEBUG] -Dio.netty.tmpdir: C:\Users\TOSHIBA\AppData\Local\Temp (java.io.tmpdir)
[DEBUG] -Dio.netty.bitMode: 64 (sun.arch.data.model)
[DEBUG] Platform: Windows
[DEBUG] -Dio.netty.maxDirectMemory: -1 bytes
[DEBUG] -Dio.netty.uninitializedArrayAllocationThreshold: -1
[DEBUG] java.nio.ByteBuffer.cleaner(): available
[DEBUG] -Dio.netty.noPreferDirect: false
[DEBUG] org.jctools-core.MpscChunkedArrayQueue: available
[DEBUG] -Dio.netty.threadLocalMap.stringBuilder.initialSize: 1024
[DEBUG] -Dio.netty.threadLocalMap.stringBuilder.maxSize: 4096
[DEBUG] Default protocols (JDK): [TLSv1.3, TLSv1.2, TLSv1.1, TLSv1] 
[DEBUG] Default cipher suites (JDK): [TLS_ECDHE_ECDSA_WITH_AES_256_GCM_SHA384, TLS_ECDHE_ECDSA_WITH_AES_128_GCM_SHA256, TLS_ECDHE_RSA_WITH_AES_128_GCM_SHA256, TLS_ECDHE_RSA_WITH_AES_256_GCM_SHA384, TLS_ECDHE_RSA_WITH_AES_128_CBC_SHA, TLS_ECDHE_RSA_WITH_AES_256_CBC_SHA, TLS_RSA_WITH_AES_128_GCM_SHA256, TLS_RSA_WITH_AES_128_CBC_SHA, TLS_RSA_WITH_AES_256_CBC_SHA, TLS_AES_128_GCM_SHA256, TLS_AES_256_GCM_SHA384]
[DEBUG] -Dio.netty.eventLoopThreads: 8
[DEBUG] -Dio.netty.noKeySetOptimization: false
[DEBUG] -Dio.netty.selectorAutoRebuildThreshold: 512
[DEBUG] -Dio.netty.allocator.numHeapArenas: 8
[DEBUG] -Dio.netty.allocator.numDirectArenas: 8
[DEBUG] -Dio.netty.allocator.pageSize: 8192
[DEBUG] -Dio.netty.allocator.maxOrder: 9
[DEBUG] -Dio.netty.allocator.chunkSize: 4194304
[DEBUG] -Dio.netty.allocator.smallCacheSize: 256
[DEBUG] -Dio.netty.allocator.normalCacheSize: 64
[DEBUG] -Dio.netty.allocator.maxCachedBufferCapacity: 32768
[DEBUG] -Dio.netty.allocator.cacheTrimInterval: 8192
[DEBUG] -Dio.netty.allocator.cacheTrimIntervalMillis: 0
[DEBUG] -Dio.netty.allocator.useCacheForAllThreads: false
[DEBUG] -Dio.netty.allocator.maxCachedByteBuffersPerChunk: 1023
[DEBUG] -Dio.netty.allocator.type: pooled
[DEBUG] -Dio.netty.threadLocalDirectBufferSize: 0
[DEBUG] -Dio.netty.maxThreadLocalCharBufferSize: 16384
[DEBUG] -Dio.netty.processId: 24908 (auto-detected)
[DEBUG] -Djava.net.preferIPv4Stack: false
[DEBUG] -Djava.net.preferIPv6Addresses: false
[DEBUG] Loopback interface: lo (Software Loopback Interface 1, 127.0.0.1)
[DEBUG] Failed to get SOMAXCONN from sysctl and file \proc\sys\net\core\somaxconn. Default: 200
[DEBUG] -Dio.netty.machineId: 10:02:b5:ff:fe:1e:67:3e (auto-detected)
[DEBUG] -Dio.netty.buffer.checkAccessible: true
[DEBUG] -Dio.netty.buffer.checkBounds: true
[DEBUG] Loaded default ResourceLeakDetector: io.netty.util.ResourceLeakDetector@2144adcd
[DEBUG] Using new Channel '[id: 0x80914328, L:/127.0.0.1:60641 - R:localhost/127.0.0.1:54622]' for 'POST' to '/session'
[DEBUG] -Dio.netty.recycler.maxCapacityPerThread: 4096
[DEBUG] -Dio.netty.recycler.ratio: 8
[DEBUG] -Dio.netty.recycler.chunkSize: 32
[DEBUG] -Dio.netty.recycler.blocking: false
[DEBUG] brotli4j not in the classpath; Brotli support will be unavailable.
[DEBUG] 

Request DefaultHttpRequest(decodeResult: success, version: HTTP/1.1)
POST /session HTTP/1.1
User-Agent: selenium/4.2.1 (java windows)
Content-Length: 365
Content-Type: application/json; charset=utf-8
host: localhost:54622
accept: */*

Response DefaultHttpResponse(decodeResult: success, version: HTTP/1.1)
HTTP/1.1 200 OK
Content-Type: application/json; charset=utf-8
cache-control: no-cache
content-length: 792

[DEBUG] Adding key: http://localhost:54622 for channel [id: 0x80914328, L:/127.0.0.1:60641 - R:localhost/127.0.0.1:54622]
[DEBUG] Using new Channel '[id: 0x74dd7cc8, L:/127.0.0.1:60648 - R:localhost/127.0.0.1:60642]' for 'GET' to '/json/version'
[DEBUG] 

Request DefaultFullHttpRequest(decodeResult: success, version: HTTP/1.1, content: EmptyByteBufBE)
GET /json/version HTTP/1.1
User-Agent: selenium/4.2.1 (java windows)
host: localhost:60642
accept: */*

Response DefaultHttpResponse(decodeResult: success, version: HTTP/1.1)
HTTP/1.1 200 OK
Content-Security-Policy: frame-ancestors 'none'
Content-Type: application/json; charset=UTF-8
content-length: 424

[DEBUG] Adding key: http://localhost:60642 for channel [id: 0x74dd7cc8, L:/127.0.0.1:60648 - R:localhost/127.0.0.1:60642]
[DEBUG] -Dio.netty.initialSeedUniquifier: 0x8431a98b4c4f7999
[DEBUG] Using new Channel '[id: 0xe5ecad6e, L:/127.0.0.1:60650 - R:localhost/127.0.0.1:60642]' for 'GET' to '/devtools/browser/05c3f223-5d16-4d3b-9954-fb5a2c622d19'
[DEBUG] 

Request DefaultFullHttpRequest(decodeResult: success, version: HTTP/1.1, content: EmptyByteBufBE)
GET /devtools/browser/05c3f223-5d16-4d3b-9954-fb5a2c622d19 HTTP/1.1
upgrade: websocket
connection: upgrade
sec-websocket-key: 8UAcpoZsMWLBFMU4S6WkAA==
sec-websocket-version: 13
origin: http://localhost:60642
host: localhost:60642
accept: */*
user-agent: AHC/2.1

Response DefaultHttpResponse(decodeResult: success, version: HTTP/1.1)
HTTP/1.1 101 WebSocket Protocol Handshake
Upgrade: WebSocket
Connection: Upgrade
Sec-WebSocket-Accept: RlAR3PFgJGvWtcz0eFAztXH9o78=

[DEBUG] Entry count for : http://localhost:54622 : 1
[DEBUG] Entry count for : http://localhost:60642 : 1
[DEBUG] Using pooled Channel '[id: 0x80914328, L:/127.0.0.1:60641 - R:localhost/127.0.0.1:54622]' for 'POST' to 'http://localhost:54622/session/477140e36a79f1f994d78c8acb9b09a5/url'
[DEBUG] Using open Channel [id: 0x80914328, L:/127.0.0.1:60641 - R:localhost/127.0.0.1:54622] for POST '/session/477140e36a79f1f994d78c8acb9b09a5/url'
[DEBUG] Entry count for : http://localhost:60642 : 1
[DEBUG] Entry count for : http://localhost:60642 : 1
[DEBUG] Entry count for : http://localhost:60642 : 1
[DEBUG] Entry count for : http://localhost:60642 : 1
[DEBUG] Entry count for : http://localhost:60642 : 1
[DEBUG] Entry count for : http://localhost:60642 : 1
[DEBUG] Entry count for : http://localhost:60642 : 1
[DEBUG] Entry count for : http://localhost:60642 : 1
[DEBUG] Entry count for : http://localhost:60642 : 1
[DEBUG] Entry count for : http://localhost:60642 : 1
[DEBUG] 

Request DefaultHttpRequest(decodeResult: success, version: HTTP/1.1)
POST /session/477140e36a79f1f994d78c8acb9b09a5/url HTTP/1.1
User-Agent: selenium/4.2.1 (java windows)
Content-Length: 64
Content-Type: application/json; charset=utf-8
host: localhost:54622
accept: */*

Response DefaultHttpResponse(decodeResult: success, version: HTTP/1.1)
HTTP/1.1 200 OK
Content-Type: application/json; charset=utf-8
cache-control: no-cache
content-length: 14

[DEBUG] Adding key: http://localhost:54622 for channel [id: 0x80914328, L:/127.0.0.1:60641 - R:localhost/127.0.0.1:54622]
[DEBUG] Entry count for : http://localhost:54622 : 1
[DEBUG] Entry count for : http://localhost:60642 : 1
[DEBUG] Using pooled Channel '[id: 0x80914328, L:/127.0.0.1:60641 - R:localhost/127.0.0.1:54622]' for 'POST' to 'http://localhost:54622/session/477140e36a79f1f994d78c8acb9b09a5/element'
[DEBUG] Using open Channel [id: 0x80914328, L:/127.0.0.1:60641 - R:localhost/127.0.0.1:54622] for POST '/session/477140e36a79f1f994d78c8acb9b09a5/element'
[DEBUG] 

Request DefaultHttpRequest(decodeResult: success, version: HTTP/1.1)
POST /session/477140e36a79f1f994d78c8acb9b09a5/element HTTP/1.1
User-Agent: selenium/4.2.1 (java windows)
Content-Length: 59
Content-Type: application/json; charset=utf-8
host: localhost:54622
accept: */*

Response DefaultHttpResponse(decodeResult: success, version: HTTP/1.1)
HTTP/1.1 200 OK
Content-Type: application/json; charset=utf-8
cache-control: no-cache
content-length: 88

[DEBUG] Adding key: http://localhost:54622 for channel [id: 0x80914328, L:/127.0.0.1:60641 - R:localhost/127.0.0.1:54622]
[DEBUG] Using pooled Channel '[id: 0x80914328, L:/127.0.0.1:60641 - R:localhost/127.0.0.1:54622]' for 'POST' to 'http://localhost:54622/session/477140e36a79f1f994d78c8acb9b09a5/element/841e81e8-876a-4452-a38e-df5cf377ec3f/value'
[DEBUG] Using open Channel [id: 0x80914328, L:/127.0.0.1:60641 - R:localhost/127.0.0.1:54622] for POST '/session/477140e36a79f1f994d78c8acb9b09a5/element/841e81e8-876a-4452-a38e-df5cf377ec3f/value'
[DEBUG] 

Request DefaultHttpRequest(decodeResult: success, version: HTTP/1.1)
POST /session/477140e36a79f1f994d78c8acb9b09a5/element/841e81e8-876a-4452-a38e-df5cf377ec3f/value HTTP/1.1
User-Agent: selenium/4.2.1 (java windows)
Content-Length: 301
Content-Type: application/json; charset=utf-8
host: localhost:54622
accept: */*

Response DefaultHttpResponse(decodeResult: success, version: HTTP/1.1)
HTTP/1.1 200 OK
Content-Type: application/json; charset=utf-8
cache-control: no-cache
content-length: 14

[DEBUG] Adding key: http://localhost:54622 for channel [id: 0x80914328, L:/127.0.0.1:60641 - R:localhost/127.0.0.1:54622]
[DEBUG] Using pooled Channel '[id: 0x80914328, L:/127.0.0.1:60641 - R:localhost/127.0.0.1:54622]' for 'POST' to 'http://localhost:54622/session/477140e36a79f1f994d78c8acb9b09a5/element'
[DEBUG] Using open Channel [id: 0x80914328, L:/127.0.0.1:60641 - R:localhost/127.0.0.1:54622] for POST '/session/477140e36a79f1f994d78c8acb9b09a5/element'
[DEBUG] 

Request DefaultHttpRequest(decodeResult: success, version: HTTP/1.1)
POST /session/477140e36a79f1f994d78c8acb9b09a5/element HTTP/1.1
User-Agent: selenium/4.2.1 (java windows)
Content-Length: 62
Content-Type: application/json; charset=utf-8
host: localhost:54622
accept: */*

Response DefaultHttpResponse(decodeResult: success, version: HTTP/1.1)
HTTP/1.1 200 OK
Content-Type: application/json; charset=utf-8
cache-control: no-cache
content-length: 88

[DEBUG] Adding key: http://localhost:54622 for channel [id: 0x80914328, L:/127.0.0.1:60641 - R:localhost/127.0.0.1:54622]
[DEBUG] Using pooled Channel '[id: 0x80914328, L:/127.0.0.1:60641 - R:localhost/127.0.0.1:54622]' for 'POST' to 'http://localhost:54622/session/477140e36a79f1f994d78c8acb9b09a5/element/002fd0f6-ca10-4393-b551-77de99002993/value'
[DEBUG] Using open Channel [id: 0x80914328, L:/127.0.0.1:60641 - R:localhost/127.0.0.1:54622] for POST '/session/477140e36a79f1f994d78c8acb9b09a5/element/002fd0f6-ca10-4393-b551-77de99002993/value'
[DEBUG] 

Request DefaultHttpRequest(decodeResult: success, version: HTTP/1.1)
POST /session/477140e36a79f1f994d78c8acb9b09a5/element/002fd0f6-ca10-4393-b551-77de99002993/value HTTP/1.1
User-Agent: selenium/4.2.1 (java windows)
Content-Length: 161
Content-Type: application/json; charset=utf-8
host: localhost:54622
accept: */*

Response DefaultHttpResponse(decodeResult: success, version: HTTP/1.1)
HTTP/1.1 200 OK
Content-Type: application/json; charset=utf-8
cache-control: no-cache
content-length: 14

[DEBUG] Adding key: http://localhost:54622 for channel [id: 0x80914328, L:/127.0.0.1:60641 - R:localhost/127.0.0.1:54622]
[DEBUG] Using pooled Channel '[id: 0x80914328, L:/127.0.0.1:60641 - R:localhost/127.0.0.1:54622]' for 'POST' to 'http://localhost:54622/session/477140e36a79f1f994d78c8acb9b09a5/element'
[DEBUG] Using open Channel [id: 0x80914328, L:/127.0.0.1:60641 - R:localhost/127.0.0.1:54622] for POST '/session/477140e36a79f1f994d78c8acb9b09a5/element'
[DEBUG] 

Request DefaultHttpRequest(decodeResult: success, version: HTTP/1.1)
POST /session/477140e36a79f1f994d78c8acb9b09a5/element HTTP/1.1
User-Agent: selenium/4.2.1 (java windows)
Content-Length: 83
Content-Type: application/json; charset=utf-8
host: localhost:54622
accept: */*

Response DefaultHttpResponse(decodeResult: success, version: HTTP/1.1)
HTTP/1.1 200 OK
Content-Type: application/json; charset=utf-8
cache-control: no-cache
content-length: 88

[DEBUG] Adding key: http://localhost:54622 for channel [id: 0x80914328, L:/127.0.0.1:60641 - R:localhost/127.0.0.1:54622]
[DEBUG] Using pooled Channel '[id: 0x80914328, L:/127.0.0.1:60641 - R:localhost/127.0.0.1:54622]' for 'POST' to 'http://localhost:54622/session/477140e36a79f1f994d78c8acb9b09a5/element/a5358724-7256-4016-9a49-78a3ac8b6e87/click'
[DEBUG] Using open Channel [id: 0x80914328, L:/127.0.0.1:60641 - R:localhost/127.0.0.1:54622] for POST '/session/477140e36a79f1f994d78c8acb9b09a5/element/a5358724-7256-4016-9a49-78a3ac8b6e87/click'
[DEBUG] 

Request DefaultHttpRequest(decodeResult: success, version: HTTP/1.1)
POST /session/477140e36a79f1f994d78c8acb9b09a5/element/a5358724-7256-4016-9a49-78a3ac8b6e87/click HTTP/1.1
User-Agent: selenium/4.2.1 (java windows)
Content-Length: 50
Content-Type: application/json; charset=utf-8
host: localhost:54622
accept: */*

Response DefaultHttpResponse(decodeResult: success, version: HTTP/1.1)
HTTP/1.1 200 OK
Content-Type: application/json; charset=utf-8
cache-control: no-cache
content-length: 14

[DEBUG] Adding key: http://localhost:54622 for channel [id: 0x80914328, L:/127.0.0.1:60641 - R:localhost/127.0.0.1:54622]
[DEBUG] Entry count for : http://localhost:54622 : 1
[DEBUG] Entry count for : http://localhost:60642 : 1
[DEBUG] Entry count for : http://localhost:54622 : 1
[DEBUG] Entry count for : http://localhost:60642 : 1
[DEBUG] Entry count for : http://localhost:54622 : 1
[DEBUG] Entry count for : http://localhost:60642 : 1
[DEBUG] Entry count for : http://localhost:54622 : 1
[DEBUG] Entry count for : http://localhost:60642 : 1
[DEBUG] Using pooled Channel '[id: 0x80914328, L:/127.0.0.1:60641 - R:localhost/127.0.0.1:54622]' for 'POST' to 'http://localhost:54622/session/477140e36a79f1f994d78c8acb9b09a5/element'
[DEBUG] Using open Channel [id: 0x80914328, L:/127.0.0.1:60641 - R:localhost/127.0.0.1:54622] for POST '/session/477140e36a79f1f994d78c8acb9b09a5/element'
[DEBUG] 

Request DefaultHttpRequest(decodeResult: success, version: HTTP/1.1)
POST /session/477140e36a79f1f994d78c8acb9b09a5/element HTTP/1.1
User-Agent: selenium/4.2.1 (java windows)
Content-Length: 89
Content-Type: application/json; charset=utf-8
host: localhost:54622
accept: */*

Response DefaultHttpResponse(decodeResult: success, version: HTTP/1.1)
HTTP/1.1 200 OK
Content-Type: application/json; charset=utf-8
cache-control: no-cache
content-length: 88

[DEBUG] Adding key: http://localhost:54622 for channel [id: 0x80914328, L:/127.0.0.1:60641 - R:localhost/127.0.0.1:54622]
[DEBUG] Using pooled Channel '[id: 0x80914328, L:/127.0.0.1:60641 - R:localhost/127.0.0.1:54622]' for 'POST' to 'http://localhost:54622/session/477140e36a79f1f994d78c8acb9b09a5/execute/sync'
[DEBUG] Using open Channel [id: 0x80914328, L:/127.0.0.1:60641 - R:localhost/127.0.0.1:54622] for POST '/session/477140e36a79f1f994d78c8acb9b09a5/execute/sync'
[DEBUG] 

Request DefaultHttpRequest(decodeResult: success, version: HTTP/1.1)
POST /session/477140e36a79f1f994d78c8acb9b09a5/execute/sync HTTP/1.1
User-Agent: selenium/4.2.1 (java windows)
Content-Length: 48780
Content-Type: application/json; charset=utf-8
host: localhost:54622
accept: */*

Response DefaultHttpResponse(decodeResult: success, version: HTTP/1.1)
HTTP/1.1 200 OK
Content-Type: application/json; charset=utf-8
cache-control: no-cache
content-length: 14

[DEBUG] Adding key: http://localhost:54622 for channel [id: 0x80914328, L:/127.0.0.1:60641 - R:localhost/127.0.0.1:54622]
]]></system-out>
    <system-err><![CDATA[Starting ChromeDriver 110.0.5481.77 (65ed616c6e8ee3fe0ad64fe83796c020644d42af-refs/branch-heads/5481@{#839}) on port 54622
Only local connections are allowed.
Please see https://chromedriver.chromium.org/security-considerations for suggestions on keeping ChromeDriver safe.
ChromeDriver was started successfully.
[1677567719.328][WARNING]: virtual void DevToolsClientImpl::AddListener(DevToolsEventListener *) subscribing a listener to the already connected DevToolsClient. Connection notification will not arrive.
Feb 28, 2023 12:31:59 PM org.openqa.selenium.remote.ProtocolHandshake createSession
INFO: Detected upstream dialect: W3C
Feb 28, 2023 12:31:59 PM org.openqa.selenium.devtools.CdpVersionFinder findNearestMatch
WARNING: Unable to find an exact match for CDP version 110, so returning the closest version found: a no-op implementation
Feb 28, 2023 12:31:59 PM org.openqa.selenium.devtools.CdpVersionFinder findNearestMatch
INFO: Unable to find CDP implementation matching 110.
Feb 28, 2023 12:31:59 PM org.openqa.selenium.chromium.ChromiumDriver lambda$new$3
WARNING: Unable to find version of CDP to use for . You may need to include a dependency on a specific version of the CDP using something similar to `org.seleniumhq.selenium:selenium-devtools-v86:4.2.1` where the version ("v86") matches the version of the chromium-based browser you're using and the version number of the artifact is the same as Selenium's.
]]></system-err>
  </testcase>
</testsuite>