<?xml version="1.0" encoding="UTF-8"?>
<testng-results ignored="0" total="1" passed="1" failed="0" skipped="0">
  <reporter-output>
  </reporter-output>
  <suite started-at="2023-02-28T12:31:54 IST" name="Suite" finished-at="2023-02-28T12:32:17 IST" duration-ms="22209">
    <groups>
      <group name="cucumber">
        <method signature="AbstractTestNGCucumberTests.runScenario(io.cucumber.testng.PickleWrapper,io.cucumber.testng.FeatureWrapper)[pri:0, instance:testRun.LoginRun@1d2adfbe]" name="runScenario" class="io.cucumber.testng.AbstractTestNGCucumberTests"/>
      </group> <!-- cucumber -->
    </groups>
    <test started-at="2023-02-28T12:31:54 IST" name="Test" finished-at="2023-02-28T12:32:17 IST" duration-ms="22209">
      <class name="testRun.LoginRun">
        <test-method is-config="true" signature="setUpClass(org.testng.ITestContext)[pri:0, instance:testRun.LoginRun@1d2adfbe]" started-at="2023-02-28T12:31:54 IST" name="setUpClass" finished-at="2023-02-28T12:31:55 IST" duration-ms="810" status="PASS">
          <params>
            <param index="0">
              <value>
                <![CDATA[org.testng.TestRunner@2d70f312]]>
              </value>
            </param>
          </params>
          <reporter-output>
          </reporter-output>
        </test-method> <!-- setUpClass -->
        <test-method signature="runScenario(io.cucumber.testng.PickleWrapper,io.cucumber.testng.FeatureWrapper)[pri:0, instance:testRun.LoginRun@1d2adfbe]" started-at="2023-02-28T12:31:55 IST" name="runScenario" description="Runs Cucumber Scenarios" data-provider="scenarios" finished-at="2023-02-28T12:32:16 IST" duration-ms="20829" status="PASS">
          <params>
            <param index="0">
              <value>
                <![CDATA["Successfull Login Test with valid credentials"]]>
              </value>
            </param>
            <param index="1">
              <value>
                <![CDATA["Login Functionality"]]>
              </value>
            </param>
          </params>
          <reporter-output>
          </reporter-output>
        </test-method> <!-- runScenario -->
        <test-method is-config="true" signature="tearDownClass()[pri:0, instance:testRun.LoginRun@1d2adfbe]" started-at="2023-02-28T12:32:16 IST" name="tearDownClass" finished-at="2023-02-28T12:32:17 IST" duration-ms="522" status="PASS">
          <reporter-output>
          </reporter-output>
        </test-method> <!-- tearDownClass -->
      </class> <!-- testRun.LoginRun -->
    </test> <!-- Test -->
  </suite> <!-- Suite -->
</testng-results>
